00:00:00.494 |I| Configuration LogValueChange: ResScale set to: 1
00:00:00.513 |I| Configuration LogValueChange: ResScaleCustom set to: 1
00:00:00.513 |I| Configuration LogValueChange: MaxAnisotropy set to: -1
00:00:00.515 |I| Configuration LogValueChange: AspectRatio set to: Fixed16x9
00:00:00.517 |I| Configuration LogValueChange: PreferredGpu set to: 0x1002_0x15D8
00:00:00.518 |I| Configuration LogValueChange: ScalingFilterLevel set to: 80
00:00:00.518 |I| Configuration LogValueChange: CustomVSyncInterval set to: 120
00:00:00.518 |I| Configuration LogValueChange: EnableShaderCache set to: True
00:00:00.518 |I| Configuration LogValueChange: EnableMacroHLE set to: True
00:00:00.520 |I| Configuration LogValueChange: Language set to: AmericanEnglish
00:00:00.521 |I| Configuration LogValueChange: Region set to: USA
00:00:00.521 |I| Configuration LogValueChange: TimeZone set to: UTC
00:00:00.525 |I| Configuration LogValueChange: SystemTimeOffset set to: -1339
00:00:00.525 |I| Configuration LogValueChange: EnableDockedMode set to: True
00:00:00.525 |I| Configuration LogValueChange: EnablePtc set to: True
00:00:00.531 |I| Configuration LogValueChange: TickScalar set to: 200
00:00:00.535 |I| Configuration LogValueChange: EnableFsIntegrityChecks set to: True
00:00:00.536 |I| Configuration LogValueChange: AudioBackend set to: SDL2
00:00:00.536 |I| Configuration LogValueChange: AudioVolume set to: 1
00:00:00.538 |I| Configuration LogValueChange: MemoryManagerMode set to: HostMappedUnsafe
00:00:00.539 |I| Configuration LogValueChange: UseHypervisor set to: True
00:00:00.545 |I| Configuration LogValueChange: LdnPassphrase set to: 
00:00:00.545 |I| Configuration LogValueChange: LdnServer set to: 
00:00:00.564 |N| Application PrintSystemInfo: Ryujinx Version: 1.3.1
00:00:00.564 |N| Application PrintSystemInfo: .NET Runtime: .NET 9.0.4
00:00:00.582 |N| Application PrintSystemInfo: Operating System: Debian GNU/Linux 12 (bookworm) (X64)
00:00:00.582 |N| Application PrintSystemInfo: CPU: AMD Ryzen 5 3400G with Radeon Vega Graphics ; 8 logical
00:00:00.587 |N| Application PrintSystemInfo: RAM: Total 27.3 GiB ; Available 23.2 GiB
00:00:00.591 |N| Application PrintSystemInfo: Logs Enabled: Info, Warning, Error, Guest, Stub
00:00:00.592 |N| Application PrintSystemInfo: Launch Mode: UserProfile
00:00:01.117 |E| .NET TP Worker ATTENTION: default value of option mesa_glthread overridden by environment.
00:00:01.177 |E| .NET TP Worker ATTENTION: default value of option mesa_glthread overridden by environment.
00:00:01.180 |E| .NET TP Worker ATTENTION: default value of option mesa_glthread overridden by environment.
00:00:04.063 |I| GUI.ApplicationLibraryThread Application ReloadGameList: Auto loading DLC & updates from: /home/[redacted]/Games/Emulation/Nintendo Switch Extras/Update
00:00:04.277 |E| .NET TP Worker ATTENTION: default value of option mesa_glthread overridden by environment.
00:00:41.737 |N| Application ReloadConfig: Loading configuration from: /home/[redacted]/.config/Ryujinx/Config.json
