00:00:00.440 |I| Configuration LogValueChange: ResScale set to: 1
00:00:00.460 |I| Configuration LogValueChange: ResScaleCustom set to: 1
00:00:00.460 |I| Configuration LogValueChange: MaxAnisotropy set to: -1
00:00:00.461 |I| Configuration LogValueChange: AspectRatio set to: Fixed16x9
00:00:00.463 |I| Configuration LogValueChange: PreferredGpu set to: 0x1002_0x15D8
00:00:00.464 |I| Configuration LogValueChange: ScalingFilterLevel set to: 80
00:00:00.465 |I| Configuration LogValueChange: CustomVSyncInterval set to: 120
00:00:00.465 |I| Configuration LogValueChange: EnableShaderCache set to: True
00:00:00.465 |I| Configuration LogValueChange: EnableMacroHLE set to: True
00:00:00.466 |I| Configuration LogValueChange: Language set to: AmericanEnglish
00:00:00.467 |I| Configuration LogValueChange: Region set to: USA
00:00:00.467 |I| Configuration LogValueChange: TimeZone set to: UTC
00:00:00.471 |I| Configuration LogValueChange: SystemTimeOffset set to: -1339
00:00:00.471 |I| Configuration LogValueChange: EnableDockedMode set to: True
00:00:00.471 |I| Configuration LogValueChange: EnablePtc set to: True
00:00:00.476 |I| Configuration LogValueChange: TickScalar set to: 200
00:00:00.481 |I| Configuration LogValueChange: EnableFsIntegrityChecks set to: True
00:00:00.482 |I| Configuration LogValueChange: AudioBackend set to: SDL2
00:00:00.482 |I| Configuration LogValueChange: AudioVolume set to: 1
00:00:00.484 |I| Configuration LogValueChange: MemoryManagerMode set to: HostMappedUnsafe
00:00:00.485 |I| Configuration LogValueChange: UseHypervisor set to: True
00:00:00.489 |I| Configuration LogValueChange: LdnPassphrase set to: 
00:00:00.489 |I| Configuration LogValueChange: LdnServer set to: 
00:00:00.505 |N| Application PrintSystemInfo: Ryujinx Version: 1.3.1
00:00:00.505 |N| Application PrintSystemInfo: .NET Runtime: .NET 9.0.4
00:00:00.520 |N| Application PrintSystemInfo: Operating System: Debian GNU/Linux 12 (bookworm) (X64)
00:00:00.521 |N| Application PrintSystemInfo: CPU: AMD Ryzen 5 3400G with Radeon Vega Graphics ; 8 logical
00:00:00.525 |N| Application PrintSystemInfo: RAM: Total 27.3 GiB ; Available 24.3 GiB
00:00:00.529 |N| Application PrintSystemInfo: Logs Enabled: Info, Warning, Error, Guest, Stub
00:00:00.529 |N| Application PrintSystemInfo: Launch Mode: UserProfile
00:00:01.018 |E| .NET TP Worker ATTENTION: default value of option mesa_glthread overridden by environment.
00:00:01.102 |E| .NET TP Worker ATTENTION: default value of option mesa_glthread overridden by environment.
00:00:01.106 |E| .NET TP Worker ATTENTION: default value of option mesa_glthread overridden by environment.
00:00:04.026 |I| GUI.ApplicationLibraryThread Application ReloadGameList: Auto loading DLC & updates from: /home/[redacted]/Games/Emulation/Nintendo Switch Extras/Update
00:00:00.132 |I| Gpu : Backend Threading (Auto): True
00:00:00.417 |N| Application LoadGuestApplication: Using Firmware Version: 19.0.0
00:00:00.417 |N| Application LoadGuestApplication: Loading content archive from '/home/[redacted]/Games/Emulation/Nintendo Switch (2016)/Castlevania Anniversary Collection (2019)/Castlevania Anniversary Collection By NxBrew.com.nsp'.
00:00:00.417 |I| Application LoadGuestApplication: Loading as NSP.
00:00:00.455 |I| ModLoader QueryContentsDir: Searching mods for Application 01001A800D6BC000 in "/home/[redacted]/.config/Ryujinx/mods/contents"
00:00:00.456 |I| ModLoader QueryContentsDir: Searching mods for Application 01001A800D6BC000 in "/home/[redacted]/.config/Ryujinx/sdcard/atmosphere/contents"
00:00:00.459 |I| Loader Load: Loading rtld...
00:00:00.474 |I| Loader PrintRoSectionInfo: rtld:
    Module: nnrtld
00:00:00.474 |I| Loader Load: Loading main...
00:00:00.618 |I| Loader PrintRoSectionInfo: main:
    Module: D:\jenkins\workspace\neoKobe_nx\m2engage\bin\NSDK.NX-NXFP2-a64\m2engage.nss
    SDK Libraries: SDK MW+Nintendo+NintendoSDK_gfx-5_5_0-Release
                   SDK MW+Nintendo+NintendoSDK_libz-5_5_0-Release
00:00:00.618 |I| Loader Load: Loading sdk...
00:00:00.709 |I| Loader PrintRoSectionInfo: sdk:
    Module: nnSdk
    FS SDK Version: 5.5.0
    SDK Libraries: SDK MW+Nintendo+NintendoSDK_libz-5_5_0-Release
                   SDK MW+Nintendo+NintendoSdk_nnSdk-5_5_0-Release
                   SDK MW+Nintendo+NintendoSDK_NVN-5_5_0-Release
00:00:01.024 |I| Ptc Initialize: Initializing Profiled Persistent Translation Cache (enabled: True).
00:00:01.024 |I| Ptc Initialize: PPTC (v7007) Profile: 1.1.0-default
00:00:01.030 |I| Application ParseCapability: Application requested cores with index range 0 to 2
00:00:01.031 |I| Loader LoadNsos: Loading image 0 at 0x0000000008500000...
00:00:01.033 |I| Loader LoadNsos: Loading image 1 at 0x0000000008504000...
00:00:01.056 |I| Loader LoadNsos: Loading image 2 at 0x000000000a65d000...
00:00:01.066 |I| ModLoader LoadCheats: Build ids found for application 01001A800D6BC000:
    E701850BDB94823AFB3C0F133137832BF0E8D666000000000000000000000000
    0C598CDECB5CE640A4E3C31ED51A255000000000000000000000000000000000
    0BCE43D102A52D02033CA5E145D4BE53B1AB3C7D000000000000000000000000
00:00:01.070 |I| Application EnsureSaveData: Ensuring required savedata exists.
00:00:01.150 |I| Loader Start: Application Loaded: Castlevania Anniversary Collection v1.1.0 [01001a800d6bc000] [64-bit]
00:00:01.209 |I| GUI.WindowThread Hid Configure: Configured Controller ProController to Player1
00:00:01.238 |I| GUI.WindowThread Hid SetupNpad: Connected Controller ProController to Player1
00:00:01.321 |E| .NET TP Worker Fossilize INFO: Overriding serialization path: "/home/wibi/.steam/debian-installation/steamapps/shadercache/3499624947/fozpipelinesv6/steamapprun_pipeline_cache".
00:00:01.455 |N| GUI.RenderThread Gpu PrintGpuInformation: AMD Radeon Vega 11 Graphics (RADV RAVEN) (Vulkan v1.4.305, Driver v25.0.4)
00:00:01.455 |N| GUI.RenderThread Gpu PrintGpuInformation: GPU Memory: 12063 MiB
00:00:01.465 |I| GPU.MainThread Gpu LoadShaders: Loading 0 shaders from the cache...
00:00:01.469 |I| GPU.MainThread Gpu LoadShaders: Shader cache loaded.
00:00:02.217 |S| HLE.OsThread.47 ServiceAm GetAppletResourceUserId: Stubbed. {appletResourceUserId: 1}
00:00:02.266 |S| HLE.OsThread.47 ServiceAm AcquireForegroundRights: Stubbed. 
00:00:02.276 |S| HLE.OsThread.47 ServiceAm SetFocusHandlingMode: Stubbed. {unknownFlag1: False ; unknownFlag2: False ; unknownFlag3: True}
00:00:02.281 |S| HLE.OsThread.47 ServiceAm SetOutOfFocusSuspendingEnabled: Stubbed. {outOfFocusSuspendingEnabled: False}
00:00:02.342 |S| HLE.OsThread.47 ServicePctl Initialize: Stubbed. 
00:00:02.468 |G| HLE.OsThread.18 ServiceLm Log: Guest Log:
  Log level: Info
    Time: 2s
    ProgramName: m2engage
    Thread: MainThread
    Filename: src/nx/MemoryHeap.cpp
    Line: 373
    Function: Init
    Message: meminfo.allocatedMemoryHeapSize = 0x0

00:00:02.470 |G| HLE.OsThread.18 ServiceLm Log: Guest Log:
  Log level: Info
    Time: 2s
    ProgramName: m2engage
    Thread: MainThread
    Filename: src/nx/MemoryHeap.cpp
    Line: 374
    Function: Init
    Message: meminfo.programSize = 0x2d9c000

00:00:02.491 |G| HLE.OsThread.18 ServiceLm Log: Guest Log:
  Log level: Info
    Time: 2s
    ProgramName: m2engage
    Thread: MainThread
    Filename: src/nx/MemoryHeap.cpp
    Line: 375
    Function: Init
    Message: meminfo.threadCount = 1

00:00:02.491 |G| HLE.OsThread.18 ServiceLm Log: Guest Log:
  Log level: Info
    Time: 2s
    ProgramName: m2engage
    Thread: MainThread
    Filename: src/nx/MemoryHeap.cpp
    Line: 376
    Function: Init
    Message: meminfo.totalAvailableMemorySize = 0xcd500000

00:00:02.491 |G| HLE.OsThread.18 ServiceLm Log: Guest Log:
  Log level: Info
    Time: 2s
    ProgramName: m2engage
    Thread: MainThread
    Filename: src/nx/MemoryHeap.cpp
    Line: 377
    Function: Init
    Message: meminfo.totalMemoryHeapSize = 0x0

00:00:02.491 |G| HLE.OsThread.18 ServiceLm Log: Guest Log:
  Log level: Info
    Time: 2s
    ProgramName: m2engage
    Thread: MainThread
    Filename: src/nx/MemoryHeap.cpp
    Line: 378
    Function: Init
    Message: meminfo.totalThreadStackSize = 0x100000

00:00:02.491 |G| HLE.OsThread.18 ServiceLm Log: Guest Log:
  Log level: Info
    Time: 2s
    ProgramName: m2engage
    Thread: MainThread
    Filename: src/nx/MemoryHeap.cpp
    Line: 379
    Function: Init
    Message: meminfo.totalUsedMemorySize = 0x2e9c000

00:00:02.492 |G| HLE.OsThread.18 ServiceLm Log: Guest Log:
  Log level: Info
    Time: 2s
    ProgramName: m2engage
    Thread: MainThread
    Filename: src/nx/MemoryHeap.cpp
    Line: 382
    Function: Init
    Message: availableMemorySize = 0xca664000

00:00:05.125 |S| HLE.OsThread.47 ServiceAcc InitializeApplicationInfo: Stubbed. {TitleId: 72086731321229312}
00:00:05.205 |S| HLE.OsThread.47 ServiceAm SetOperationModeChangedNotification: Stubbed. {operationModeChangedNotification: True}
00:00:05.207 |S| HLE.OsThread.47 ServiceAm SetPerformanceModeChangedNotification: Stubbed. {performanceModeChangedNotification: True}
00:00:05.210 |S| HLE.OsThread.47 ServiceAm LockExit: Stubbed. 
00:00:05.318 |S| HLE.OsThread.4 ServiceNv FinishInitialize: Stubbed. 
00:00:05.680 |S| HLE.OsThread.4 ServiceNv InitializeEx: Stubbed. 
00:00:05.789 |S| HLE.OsThread.4 ServiceNv GetActiveSlotMask: Stubbed. 
00:00:05.843 |I| HLE.OsThread.47 SurfaceFlinger CreateLayerFromId: Creating layer 1
00:00:06.027 |E| HLE.OsThread.7 SurfaceFlinger OnTransact: Error returned by transaction Disconnect: BadValue
00:00:06.254 |S| HLE.OsThread.4 ServiceNv SetNvMapFd: Stubbed. 
00:00:06.255 |S| HLE.OsThread.4 ServiceNv AllocGpfifoEx2: Stubbed. 
00:00:06.255 |S| HLE.OsThread.4 ServiceNv AllocObjCtx: Stubbed. 
00:00:06.256 |S| HLE.OsThread.4 ServiceNv SetTimeout: Stubbed. 
00:00:06.262 |S| HLE.OsThread.4 ServiceNv SetErrorNotifier: Stubbed. 
00:00:06.262 |S| HLE.OsThread.4 ServiceNv SetUserData: Stubbed. 
00:00:06.264 |S| HLE.OsThread.4 ServiceNv SetPriority: Stubbed. 
00:00:06.280 |S| HLE.OsThread.4 ServiceNv ZcullBind: Stubbed. 
00:00:06.808 |S| HLE.OsThread.3 ServiceHid ActiveNpadImpl: Stubbed. {appletResourceUserId: 1 ; revision: 1}
00:00:06.896 |S| HLE.OsThread.3 ServiceHid SetSupportedNpadIdType: Stubbed. 9 Players: Handheld,Player1,Player2,Player3,Player4,Player5,Player6,Player7,Player8
00:00:06.905 |S| HLE.OsThread.3 ServiceHid SetSupportedNpadStyleSet: Stubbed. {pid: 127 ; appletResourceUserId: 1 ; type: ProController, Handheld, JoyconPair, JoyconLeft, JoyconRight}
00:00:06.906 |S| HLE.OsThread.3 ServiceHid SetSupportedNpadStyleSet: Stubbed. {pid: 127 ; appletResourceUserId: 1 ; type: ProController, Handheld, JoyconPair, JoyconLeft, JoyconRight}
00:00:06.910 |S| HLE.OsThread.3 ServiceHid ActivateTouchScreen: Stubbed. {appletResourceUserId: 1}
00:00:06.910 |S| HLE.OsThread.3 ServiceHid SetSupportedNpadIdType: Stubbed. 9 Players: Handheld,Player1,Player2,Player3,Player4,Player5,Player6,Player7,Player8
00:00:06.917 |G| HLE.OsThread.18 ServiceLm Log: Guest Log:
  Log level: Info
    Time: 6s
    ProgramName: m2engage
    Thread: MainThread
    Filename: src/nx/AccountManager.cpp
    Line: 278
    Function: InitializeImpl
    Message: Initializing socket.

00:00:06.936 |S| HLE.OsThread.1 ServiceBsd RegisterClient: Stubbed. 
00:00:06.938 |S| HLE.OsThread.1 ServiceBsd StartMonitoring: Stubbed. {unknown0: 0}
00:00:07.677 |I| HLE.OsThread.11 AudioRenderer AcquireSessionId: Registered new renderer (0)
00:00:07.681 |I| HLE.OsThread.11 AudioRenderer Initialize: Initializing with REV4
00:00:07.699 |I| AudioProcessor.Worker AudioRenderer Work: Starting audio processor
00:00:07.700 |I| AudioRendererManager.Worker AudioRenderer SendCommands: Starting audio renderer
00:00:07.802 |I| HLE.OsThread.11 AudioRenderer Start: Starting renderer id 0
00:00:07.838 |I| AudioProcessor.Worker Audio EnsureAudioStreamSetup: New audio stream setup with a target sample count of 240
00:00:07.983 |S| HLE.OsThread.47 ServiceAm SetFocusHandlingMode: Stubbed. {unknownFlag1: True ; unknownFlag2: True ; unknownFlag3: False}
00:00:07.983 |S| HLE.OsThread.47 ServiceAm SetOutOfFocusSuspendingEnabled: Stubbed. {outOfFocusSuspendingEnabled: False}
00:00:11.876 |W| HLE.OsThread.4 ServiceNv Wait: GPU processing thread is too slow, waiting on CPU...
00:00:31.489 |I| Ptc.DiskWriter Ptc Save: Saved Profiling Info (size: 27857 bytes, profiled functions: 6339).
00:00:43.273 |W| HLE.GuestThread.49 KernelSvc : WaitSynchronization(handleIndex: 0xFFFFFFFF) = TerminationRequested
00:00:43.273 |W| HLE.GuestThread.46 KernelSvc : SendSyncRequest() = TerminationRequested
00:00:43.273 |W| HLE.GuestThread.50 KernelSvc : WaitProcessWideKeyAtomic() = TerminationRequested
00:00:43.273 |W| HLE.GuestThread.48 KernelSvc : WaitSynchronization(handleIndex: 0xFFFFFFFF) = TerminationRequested
00:00:43.273 |W| HLE.GuestThread.51 KernelSvc : WaitProcessWideKeyAtomic() = TerminationRequested
00:00:43.273 |W| HLE.GuestThread.52 KernelSvc : WaitProcessWideKeyAtomic() = TerminationRequested
00:00:43.273 |W| HLE.GuestThread.53 KernelSvc : WaitProcessWideKeyAtomic() = TerminationRequested
00:00:43.278 |I| HLE.OsThread.11 AudioRenderer Stop: Stopping renderer id 0
00:00:43.278 |I| HLE.OsThread.11 AudioRenderer Stop: Stopped renderer id 0
00:00:43.279 |E| HLE.OsThread.7 SurfaceFlinger DequeueBuffer: No available buffer slots
00:00:43.279 |E| HLE.OsThread.7 SurfaceFlinger OnTransact: Error returned by transaction DequeueBuffer: Busy
00:00:43.279 |I| HLE.OsThread.11 AudioRenderer ReleaseSessionId: Unregistered renderer (0)
00:00:43.282 |I| AudioProcessor.Worker AudioRenderer Work: Stopping audio processor
00:00:43.296 |I| HLE.OsThread.11 AudioRenderer StopLocked: Stopped audio renderer
00:00:43.349 |W| GUI.WindowThread ServiceNv Close: Closing channel
00:00:44.130 |N| GUI.RenderThread Application ReloadConfig: Loading configuration from: /home/[redacted]/.config/Ryujinx/Config.json
00:00:44.323 |I| GUI.ApplicationLibraryThread Application ReloadGameList: Auto loading DLC & updates from: /home/[redacted]/Games/Emulation/Nintendo Switch Extras/Update
