[0561.03] Log: Log file open, 03/04/22 06:19:51
[0561.03] Log: FLevelSaver: 393216 bytes
[0561.03] Log: m_ObjectDictionarySaver: 131072 bytes
[0561.03] Log: m_ObjectDictionary: 395520 bytes for 8602 items
[0561.03] Log: m_SavedObjects: 288960 bytes for 7057 items
[1192.84] Log: FLevelSaver: 393216 bytes
[1192.84] Log: m_ObjectDictionarySaver: 131072 bytes
[1192.84] Log: m_ObjectDictionary: 395520 bytes for 8455 items
[1192.84] Log: m_SavedObjects: 288960 bytes for 6915 items
[1277.78] Log: FLevelSaver: 393216 bytes
[1277.78] Log: m_ObjectDictionarySaver: 131072 bytes
[1277.78] Log: m_ObjectDictionary: 395520 bytes for 8457 items
[1277.78] Log: m_SavedObjects: 288960 bytes for 6913 items
[1409.57] Log: FLevelSaver: 393216 bytes
[1409.57] Log: m_ObjectDictionarySaver: 131072 bytes
[1409.57] Log: m_ObjectDictionary: 395520 bytes for 8452 items
[1409.57] Log: m_SavedObjects: 288960 bytes for 6913 items
[1609.81] Log: FLevelSaver: 393216 bytes
[1609.81] Log: m_ObjectDictionarySaver: 131072 bytes
[1609.81] Log: m_ObjectDictionary: 395520 bytes for 13403 items
[1609.81] Log: m_SavedObjects: 305344 bytes for 11169 items
[1976.59] Log: FLevelSaver: 393216 bytes
[1976.59] Log: m_ObjectDictionarySaver: 131072 bytes
[1976.59] Log: m_ObjectDictionary: 395520 bytes for 13461 items
[1976.59] Log: m_SavedObjects: 305344 bytes for 11208 items
[2021.78] Log: FLevelSaver: 393216 bytes
[2021.78] Log: m_ObjectDictionarySaver: 131072 bytes
[2021.78] Log: m_ObjectDictionary: 395520 bytes for 13442 items
[2021.78] Log: m_SavedObjects: 305344 bytes for 11198 items
[2092.34] Log: FLevelSaver: 393216 bytes
[2092.34] Log: m_ObjectDictionarySaver: 131072 bytes
[2092.34] Log: m_ObjectDictionary: 395520 bytes for 13445 items
[2092.34] Log: m_SavedObjects: 305344 bytes for 11198 items
[2144.25] Log: FLevelSaver: 393216 bytes
[2144.25] Log: m_ObjectDictionarySaver: 131072 bytes
[2144.25] Log: m_ObjectDictionary: 379136 bytes for 4464 items
[2144.25] Log: m_SavedObjects: 280768 bytes for 3385 items
[2216.59] Log: FLevelSaver: 393216 bytes
[2216.59] Log: m_ObjectDictionarySaver: 131072 bytes
[2216.59] Log: m_ObjectDictionary: 379136 bytes for 5782 items
[2216.59] Log: m_SavedObjects: 288960 bytes for 4365 items
[2319.51] Log: FLevelSaver: 393216 bytes
[2319.51] Log: m_ObjectDictionarySaver: 131072 bytes
[2319.51] Log: m_ObjectDictionary: 379136 bytes for 5781 items
[2319.51] Log: m_SavedObjects: 288960 bytes for 4361 items
[2419.26] Log: FLevelSaver: 393216 bytes
[2419.26] Log: m_ObjectDictionarySaver: 131072 bytes
[2419.26] Log: m_ObjectDictionary: 379136 bytes for 5783 items
[2419.26] Log: m_SavedObjects: 288960 bytes for 4357 items
[2501.18] Log: FLevelSaver: 393216 bytes
[2501.18] Log: m_ObjectDictionarySaver: 131072 bytes
[2501.18] Log: m_ObjectDictionary: 379136 bytes for 5772 items
[2501.18] Log: m_SavedObjects: 288960 bytes for 4350 items
[2504.32] Log: FLevelSaver: 393216 bytes
[2504.32] Log: m_ObjectDictionarySaver: 131072 bytes
[2504.32] Log: m_ObjectDictionary: 379136 bytes for 5773 items
[2504.32] Log: m_SavedObjects: 288960 bytes for 4350 items
[2600.17] Log: FLevelSaver: 393216 bytes
[2600.17] Log: m_ObjectDictionarySaver: 131072 bytes
[2600.17] Log: m_ObjectDictionary: 379136 bytes for 5770 items
[2600.17] Log: m_SavedObjects: 288960 bytes for 4348 items
[2658.10] Log: FLevelSaver: 393216 bytes
[2658.10] Log: m_ObjectDictionarySaver: 131072 bytes
[2658.10] Log: m_ObjectDictionary: 379136 bytes for 5769 items
[2658.10] Log: m_SavedObjects: 288960 bytes for 4347 items
[2959.98] Log: FLevelSaver: 393216 bytes
[2959.98] Log: m_ObjectDictionarySaver: 131072 bytes
[2959.98] Log: m_ObjectDictionary: 379136 bytes for 5733 items
[2959.98] Log: m_SavedObjects: 288960 bytes for 4331 items
[3058.80] Log: FLevelSaver: 393216 bytes
[3058.80] Log: m_ObjectDictionarySaver: 131072 bytes
[3058.80] Log: m_ObjectDictionary: 379136 bytes for 5731 items
[3058.80] Log: m_SavedObjects: 288960 bytes for 4330 items
[3071.03] Log: FLevelSaver: 393216 bytes
[3071.03] Log: m_ObjectDictionarySaver: 131072 bytes
[3071.03] Log: m_ObjectDictionary: 395520 bytes for 13164 items
[3071.03] Log: m_SavedObjects: 305344 bytes for 10932 items
[3114.71] Log: FLevelSaver: 393216 bytes
[3114.71] Log: m_ObjectDictionarySaver: 131072 bytes
[3114.71] Log: m_ObjectDictionary: 395520 bytes for 13210 items
[3114.71] Log: m_SavedObjects: 305344 bytes for 10965 items
[3139.80] Log: FLevelSaver: 393216 bytes
[3139.80] Log: m_ObjectDictionarySaver: 131072 bytes
[3139.80] Log: m_ObjectDictionary: 395520 bytes for 13203 items
[3139.80] Log: m_SavedObjects: 305344 bytes for 10961 items
[3145.98] Log: FLevelSaver: 393216 bytes
[3145.98] Log: m_ObjectDictionarySaver: 131072 bytes
[3145.98] Log: m_ObjectDictionary: 370944 bytes for 3636 items
[3145.98] Log: m_SavedObjects: 280768 bytes for 2624 items
[3601.05] Log: FLevelSaver: 393216 bytes
[3601.05] Log: m_ObjectDictionarySaver: 131072 bytes
[3601.05] Log: m_ObjectDictionary: 379136 bytes for 4803 items
[3601.05] Log: m_SavedObjects: 280768 bytes for 3518 items
[3786.78] Log: FLevelSaver: 393216 bytes
[3786.78] Log: m_ObjectDictionarySaver: 131072 bytes
[3786.78] Log: m_ObjectDictionary: 379136 bytes for 4796 items
[3786.78] Log: m_SavedObjects: 280768 bytes for 3517 items
[3993.35] Log: FLevelSaver: 393216 bytes
[3993.35] Log: m_ObjectDictionarySaver: 131072 bytes
[3993.35] Log: m_ObjectDictionary: 379136 bytes for 4765 items
[3993.35] Log: m_SavedObjects: 280768 bytes for 3505 items
[4173.01] Log: FLevelSaver: 393216 bytes
[4173.01] Log: m_ObjectDictionarySaver: 131072 bytes
[4173.01] Log: m_ObjectDictionary: 395520 bytes for 13181 items
[4173.01] Log: m_SavedObjects: 305344 bytes for 10941 items
[4226.22] Log: FLevelSaver: 393216 bytes
[4226.22] Log: m_ObjectDictionarySaver: 131072 bytes
[4226.22] Log: m_ObjectDictionary: 379136 bytes for 5739 items
[4226.22] Log: m_SavedObjects: 288960 bytes for 4330 items
[4243.68] Log: FLevelSaver: 393216 bytes
[4243.68] Log: m_ObjectDictionarySaver: 131072 bytes
[4243.68] Log: m_ObjectDictionary: 395520 bytes for 13192 items
[4243.68] Log: m_SavedObjects: 305344 bytes for 10951 items
[4255.30] Log: FLevelSaver: 393216 bytes
[4255.30] Log: m_ObjectDictionarySaver: 131072 bytes
[4255.30] Log: m_ObjectDictionary: 395520 bytes for 13230 items
[4255.30] Log: m_SavedObjects: 305344 bytes for 10979 items
[4355.29] Log: FLevelSaver: 393216 bytes
[4355.29] Log: m_ObjectDictionarySaver: 131072 bytes
[4355.29] Log: m_ObjectDictionary: 395520 bytes for 8839 items
[4355.29] Log: m_SavedObjects: 288960 bytes for 7280 items
[4646.00] Log: FLevelSaver: 393216 bytes
[4646.00] Log: m_ObjectDictionarySaver: 131072 bytes
[4646.00] Log: m_ObjectDictionary: 379136 bytes for 8072 items
[4646.00] Log: m_SavedObjects: 288960 bytes for 6542 items
[4647.08] Log: FLevelSaver: 393216 bytes
[4647.08] Log: m_ObjectDictionarySaver: 131072 bytes
[4647.08] Log: m_ObjectDictionary: 379136 bytes for 8068 items
[4647.08] Log: m_SavedObjects: 288960 bytes for 6541 items
[4742.30] Log: FLevelSaver: 393216 bytes
[4742.30] Log: m_ObjectDictionarySaver: 131072 bytes
[4742.30] Log: m_ObjectDictionary: 379136 bytes for 8064 items
[4742.30] Log: m_SavedObjects: 288960 bytes for 6539 items
[4758.28] Log: FLevelSaver: 393216 bytes
[4758.28] Log: m_ObjectDictionarySaver: 131072 bytes
[4758.28] Log: m_ObjectDictionary: 379136 bytes for 8065 items
[4758.28] Log: m_SavedObjects: 288960 bytes for 6538 items
[4766.43] Log: Closing by request
[4766.82] Log: Log file closed, 03/04/22 07:29:56
