[0134.74] Log: Log file open, 02/19/22 02:56:16
[0134.74] Log: FLevelSaver: 393216 bytes
[0134.74] Log: m_ObjectDictionarySaver: 131072 bytes
[0134.74] Log: m_ObjectDictionary: 395520 bytes for 13251 items
[0134.74] Log: m_SavedObjects: 305344 bytes for 10924 items
[0557.52] Log: FLevelSaver: 393216 bytes
[0557.52] Log: m_ObjectDictionarySaver: 131072 bytes
[0557.52] Log: m_ObjectDictionary: 395520 bytes for 13257 items
[0557.52] Log: m_SavedObjects: 305344 bytes for 10922 items
[0562.34] Log: FLevelSaver: 393216 bytes
[0562.34] Log: m_ObjectDictionarySaver: 131072 bytes
[0562.34] Log: m_ObjectDictionary: 395520 bytes for 13256 items
[0562.34] Log: m_SavedObjects: 305344 bytes for 10922 items
[0600.37] Log: FLevelSaver: 393216 bytes
[0600.37] Log: m_ObjectDictionarySaver: 131072 bytes
[0600.37] Log: m_ObjectDictionary: 395520 bytes for 13250 items
[0600.37] Log: m_SavedObjects: 305344 bytes for 10917 items
[0665.97] Log: FLevelSaver: 393216 bytes
[0665.97] Log: m_ObjectDictionarySaver: 131072 bytes
[0665.97] Log: m_ObjectDictionary: 395520 bytes for 13259 items
[0665.97] Log: m_SavedObjects: 305344 bytes for 10922 items
[0759.26] Log: FLevelSaver: 393216 bytes
[0759.26] Log: m_ObjectDictionarySaver: 131072 bytes
[0759.26] Log: m_ObjectDictionary: 395520 bytes for 13382 items
[0759.26] Log: m_SavedObjects: 305344 bytes for 11048 items
[0788.18] Log: FLevelSaver: 393216 bytes
[0788.18] Log: m_ObjectDictionarySaver: 131072 bytes
[0788.18] Log: m_ObjectDictionary: 395520 bytes for 13377 items
[0788.18] Log: m_SavedObjects: 305344 bytes for 11041 items
[0880.06] Log: FLevelSaver: 393216 bytes
[0880.06] Log: m_ObjectDictionarySaver: 131072 bytes
[0880.06] Log: m_ObjectDictionary: 395520 bytes for 13372 items
[0880.06] Log: m_SavedObjects: 305344 bytes for 11037 items
[0913.16] Log: FLevelSaver: 393216 bytes
[0913.16] Log: m_ObjectDictionarySaver: 131072 bytes
[0913.16] Log: m_ObjectDictionary: 395520 bytes for 13369 items
[0913.16] Log: m_SavedObjects: 305344 bytes for 11036 items
[0927.17] Log: FLevelSaver: 393216 bytes
[0927.17] Log: m_ObjectDictionarySaver: 131072 bytes
[0927.17] Log: m_ObjectDictionary: 395520 bytes for 13374 items
[0927.17] Log: m_SavedObjects: 305344 bytes for 11040 items
[0980.50] Log: FLevelSaver: 393216 bytes
[0980.50] Log: m_ObjectDictionarySaver: 131072 bytes
[0980.50] Log: m_ObjectDictionary: 395520 bytes for 13382 items
[0980.50] Log: m_SavedObjects: 305344 bytes for 11046 items
[1074.17] Log: FLevelSaver: 393216 bytes
[1074.17] Log: m_ObjectDictionarySaver: 131072 bytes
[1074.17] Log: m_ObjectDictionary: 395520 bytes for 13370 items
[1074.17] Log: m_SavedObjects: 305344 bytes for 11037 items
[1094.19] Log: FLevelSaver: 393216 bytes
[1094.19] Log: m_ObjectDictionarySaver: 131072 bytes
[1094.19] Log: m_ObjectDictionary: 395520 bytes for 13371 items
[1094.19] Log: m_SavedObjects: 305344 bytes for 11036 items
[1108.17] Log: FLevelSaver: 393216 bytes
[1108.17] Log: m_ObjectDictionarySaver: 131072 bytes
[1108.17] Log: m_ObjectDictionary: 395520 bytes for 13372 items
[1108.17] Log: m_SavedObjects: 305344 bytes for 11037 items
[1144.50] Log: FLevelSaver: 393216 bytes
[1144.50] Log: m_ObjectDictionarySaver: 131072 bytes
[1144.50] Log: m_ObjectDictionary: 395520 bytes for 13378 items
[1144.50] Log: m_SavedObjects: 305344 bytes for 11041 items
[1299.03] Log: FLevelSaver: 393216 bytes
[1299.03] Log: m_ObjectDictionarySaver: 131072 bytes
[1299.03] Log: m_ObjectDictionary: 395520 bytes for 13380 items
[1299.03] Log: m_SavedObjects: 305344 bytes for 11045 items
[1382.25] Log: FLevelSaver: 393216 bytes
[1382.25] Log: m_ObjectDictionarySaver: 131072 bytes
[1382.25] Log: m_ObjectDictionary: 395520 bytes for 13372 items
[1382.25] Log: m_SavedObjects: 305344 bytes for 11038 items
[1504.39] Log: FLevelSaver: 393216 bytes
[1504.39] Log: m_ObjectDictionarySaver: 131072 bytes
[1504.39] Log: m_ObjectDictionary: 395520 bytes for 13373 items
[1504.39] Log: m_SavedObjects: 305344 bytes for 11036 items
[1513.99] Log: FLevelSaver: 393216 bytes
[1513.99] Log: m_ObjectDictionarySaver: 131072 bytes
[1513.99] Log: m_ObjectDictionary: 395520 bytes for 13370 items
[1513.99] Log: m_SavedObjects: 305344 bytes for 11037 items
[1561.94] Log: FLevelSaver: 393216 bytes
[1561.94] Log: m_ObjectDictionarySaver: 131072 bytes
[1561.94] Log: m_ObjectDictionary: 395520 bytes for 13380 items
[1561.94] Log: m_SavedObjects: 305344 bytes for 11044 items
[1595.03] Log: Closing by request
[1595.47] Log: Log file closed, 02/19/22 03:20:37
