[0433.34] Log: Log file open, 02/21/22 03:13:02
[0433.34] Log: FLevelSaver: 393216 bytes
[0433.34] Log: m_ObjectDictionarySaver: 131072 bytes
[0433.34] Log: m_ObjectDictionary: 379136 bytes for 4713 items
[0433.34] Log: m_SavedObjects: 280768 bytes for 3594 items
[0598.97] Log: FLevelSaver: 393216 bytes
[0598.97] Log: m_ObjectDictionarySaver: 131072 bytes
[0598.97] Log: m_ObjectDictionary: 395520 bytes for 8597 items
[0598.97] Log: m_SavedObjects: 288960 bytes for 7069 items
[0762.67] Log: FLevelSaver: 393216 bytes
[0762.67] Log: m_ObjectDictionarySaver: 131072 bytes
[0762.67] Log: m_ObjectDictionary: 395520 bytes for 8613 items
[0762.67] Log: m_SavedObjects: 288960 bytes for 7077 items
[0908.57] Log: FLevelSaver: 393216 bytes
[0908.57] Log: m_ObjectDictionarySaver: 131072 bytes
[0908.57] Log: m_ObjectDictionary: 395520 bytes for 8611 items
[0908.57] Log: m_SavedObjects: 288960 bytes for 7077 items
[1064.97] Log: FLevelSaver: 393216 bytes
[1064.97] Log: m_ObjectDictionarySaver: 131072 bytes
[1064.97] Log: m_ObjectDictionary: 395520 bytes for 8612 items
[1064.97] Log: m_SavedObjects: 288960 bytes for 7075 items
[1086.25] Log: FLevelSaver: 393216 bytes
[1086.25] Log: m_ObjectDictionarySaver: 131072 bytes
[1086.25] Log: m_ObjectDictionary: 395520 bytes for 8605 items
[1086.25] Log: m_SavedObjects: 288960 bytes for 7068 items
[1192.45] Log: FLevelSaver: 393216 bytes
[1192.45] Log: m_ObjectDictionarySaver: 131072 bytes
[1192.45] Log: m_ObjectDictionary: 395520 bytes for 8601 items
[1192.45] Log: m_SavedObjects: 288960 bytes for 7055 items
[1219.99] Log: Closing by request
[1220.38] Log: Log file closed, 02/21/22 03:26:09
