[0083.90] Log: Log file open, 02/18/22 13:47:24
[0083.90] Log: FLevelSaver: 393216 bytes
[0083.90] Log: m_ObjectDictionarySaver: 131072 bytes
[0083.90] Log: m_ObjectDictionary: 395520 bytes for 13620 items
[0083.90] Log: m_SavedObjects: 305344 bytes for 11268 items
[0115.89] Log: FLevelSaver: 393216 bytes
[0115.89] Log: m_ObjectDictionarySaver: 131072 bytes
[0115.89] Log: m_ObjectDictionary: 395520 bytes for 13609 items
[0115.89] Log: m_SavedObjects: 305344 bytes for 11267 items
[0165.02] Log: FLevelSaver: 393216 bytes
[0165.02] Log: m_ObjectDictionarySaver: 131072 bytes
[0165.02] Log: m_ObjectDictionary: 395520 bytes for 13608 items
[0165.02] Log: m_SavedObjects: 305344 bytes for 11261 items
[0170.75] Log: FLevelSaver: 393216 bytes
[0170.75] Log: m_ObjectDictionarySaver: 131072 bytes
[0170.75] Log: m_ObjectDictionary: 395520 bytes for 13608 items
[0170.75] Log: m_SavedObjects: 305344 bytes for 11265 items
[0232.43] Log: FLevelSaver: 393216 bytes
[0232.43] Log: m_ObjectDictionarySaver: 131072 bytes
[0232.43] Log: m_ObjectDictionary: 395520 bytes for 13602 items
[0232.43] Log: m_SavedObjects: 305344 bytes for 11253 items
[0271.46] Log: FLevelSaver: 393216 bytes
[0271.46] Log: m_ObjectDictionarySaver: 131072 bytes
[0271.46] Log: m_ObjectDictionary: 395520 bytes for 13600 items
[0271.46] Log: m_SavedObjects: 305344 bytes for 11251 items
[0341.12] Log: FLevelSaver: 393216 bytes
[0341.12] Log: m_ObjectDictionarySaver: 131072 bytes
[0341.12] Log: m_ObjectDictionary: 395520 bytes for 13605 items
[0341.12] Log: m_SavedObjects: 305344 bytes for 11256 items
[0426.61] Log: FLevelSaver: 393216 bytes
[0426.61] Log: m_ObjectDictionarySaver: 131072 bytes
[0426.61] Log: m_ObjectDictionary: 395520 bytes for 13604 items
[0426.61] Log: m_SavedObjects: 305344 bytes for 11256 items
[0557.51] Log: FLevelSaver: 393216 bytes
[0557.51] Log: m_ObjectDictionarySaver: 131072 bytes
[0557.51] Log: m_ObjectDictionary: 395520 bytes for 13604 items
[0557.51] Log: m_SavedObjects: 305344 bytes for 11256 items
[0574.23] Log: FLevelSaver: 393216 bytes
[0574.23] Log: m_ObjectDictionarySaver: 131072 bytes
[0574.23] Log: m_ObjectDictionary: 395520 bytes for 13600 items
[0574.23] Log: m_SavedObjects: 305344 bytes for 11252 items
[0659.01] Log: FLevelSaver: 393216 bytes
[0659.01] Log: m_ObjectDictionarySaver: 131072 bytes
[0659.01] Log: m_ObjectDictionary: 395520 bytes for 13609 items
[0659.01] Log: m_SavedObjects: 305344 bytes for 11256 items
[0676.07] Log: FLevelSaver: 393216 bytes
[0676.07] Log: m_ObjectDictionarySaver: 131072 bytes
[0676.07] Log: m_ObjectDictionary: 395520 bytes for 13599 items
[0676.07] Log: m_SavedObjects: 305344 bytes for 11252 items
[1034.13] Log: FLevelSaver: 393216 bytes
[1034.13] Log: m_ObjectDictionarySaver: 131072 bytes
[1034.13] Log: m_ObjectDictionary: 395520 bytes for 13340 items
[1034.13] Log: m_SavedObjects: 305344 bytes for 11002 items
[1080.73] Log: FLevelSaver: 393216 bytes
[1080.73] Log: m_ObjectDictionarySaver: 131072 bytes
[1080.73] Log: m_ObjectDictionary: 395520 bytes for 13110 items
[1080.73] Log: m_SavedObjects: 305344 bytes for 10775 items
[1088.30] Log: FLevelSaver: 393216 bytes
[1088.30] Log: m_ObjectDictionarySaver: 131072 bytes
[1088.30] Log: m_ObjectDictionary: 379136 bytes for 4184 items
[1088.30] Log: m_SavedObjects: 280768 bytes for 3209 items
[1434.86] Log: FLevelSaver: 393216 bytes
[1434.86] Log: m_ObjectDictionarySaver: 131072 bytes
[1434.86] Log: m_ObjectDictionary: 379136 bytes for 5622 items
[1434.86] Log: m_SavedObjects: 288960 bytes for 4338 items
[1593.47] Log: FLevelSaver: 393216 bytes
[1593.47] Log: m_ObjectDictionarySaver: 131072 bytes
[1593.47] Log: m_ObjectDictionary: 379136 bytes for 5621 items
[1593.47] Log: m_SavedObjects: 288960 bytes for 4337 items
[1678.84] Log: FLevelSaver: 393216 bytes
[1678.84] Log: m_ObjectDictionarySaver: 131072 bytes
[1678.84] Log: m_ObjectDictionary: 379136 bytes for 5622 items
[1678.84] Log: m_SavedObjects: 288960 bytes for 4336 items
[1732.24] Log: FLevelSaver: 393216 bytes
[1732.24] Log: m_ObjectDictionarySaver: 131072 bytes
[1732.24] Log: m_ObjectDictionary: 379136 bytes for 5622 items
[1732.24] Log: m_SavedObjects: 288960 bytes for 4336 items
[2007.27] Log: FLevelSaver: 393216 bytes
[2007.27] Log: m_ObjectDictionarySaver: 131072 bytes
[2007.27] Log: m_ObjectDictionary: 379136 bytes for 5602 items
[2007.27] Log: m_SavedObjects: 288960 bytes for 4320 items
[2173.67] Log: FLevelSaver: 393216 bytes
[2173.67] Log: m_ObjectDictionarySaver: 131072 bytes
[2173.67] Log: m_ObjectDictionary: 379136 bytes for 5596 items
[2173.67] Log: m_SavedObjects: 288960 bytes for 4313 items
[2199.33] Log: FLevelSaver: 393216 bytes
[2199.33] Log: m_ObjectDictionarySaver: 131072 bytes
[2199.33] Log: m_ObjectDictionary: 379136 bytes for 5595 items
[2199.33] Log: m_SavedObjects: 288960 bytes for 4312 items
[2313.36] Log: FLevelSaver: 393216 bytes
[2313.36] Log: m_ObjectDictionarySaver: 131072 bytes
[2313.36] Log: m_ObjectDictionary: 379136 bytes for 5582 items
[2313.36] Log: m_SavedObjects: 288960 bytes for 4307 items
[2374.74] Log: FLevelSaver: 393216 bytes
[2374.74] Log: m_ObjectDictionarySaver: 131072 bytes
[2374.74] Log: m_ObjectDictionary: 379136 bytes for 5581 items
[2374.74] Log: m_SavedObjects: 288960 bytes for 4306 items
[2748.29] Log: FLevelSaver: 393216 bytes
[2748.29] Log: m_ObjectDictionarySaver: 131072 bytes
[2748.29] Log: m_ObjectDictionary: 379136 bytes for 5577 items
[2748.29] Log: m_SavedObjects: 288960 bytes for 4299 items
[2823.25] Log: FLevelSaver: 393216 bytes
[2823.25] Log: m_ObjectDictionarySaver: 131072 bytes
[2823.25] Log: m_ObjectDictionary: 379136 bytes for 5570 items
[2823.25] Log: m_SavedObjects: 288960 bytes for 4292 items
[2897.29] Log: FLevelSaver: 393216 bytes
[2897.29] Log: m_ObjectDictionarySaver: 131072 bytes
[2897.29] Log: m_ObjectDictionary: 379136 bytes for 5564 items
[2897.29] Log: m_SavedObjects: 288960 bytes for 4283 items
[2921.97] Log: FLevelSaver: 393216 bytes
[2921.97] Log: m_ObjectDictionarySaver: 131072 bytes
[2921.97] Log: m_ObjectDictionary: 379136 bytes for 5566 items
[2921.97] Log: m_SavedObjects: 288960 bytes for 4283 items
[2934.12] Log: FLevelSaver: 393216 bytes
[2934.12] Log: m_ObjectDictionarySaver: 131072 bytes
[2934.12] Log: m_ObjectDictionary: 379136 bytes for 5564 items
[2934.12] Log: m_SavedObjects: 288960 bytes for 4282 items
[2958.30] Log: FLevelSaver: 393216 bytes
[2958.30] Log: m_ObjectDictionarySaver: 131072 bytes
[2958.30] Log: m_ObjectDictionary: 379136 bytes for 5564 items
[2958.30] Log: m_SavedObjects: 288960 bytes for 4282 items
[2965.48] Log: FLevelSaver: 393216 bytes
[2965.48] Log: m_ObjectDictionarySaver: 131072 bytes
[2965.48] Log: m_ObjectDictionary: 395520 bytes for 13107 items
[2965.48] Log: m_SavedObjects: 305344 bytes for 10757 items
[3177.31] Log: FLevelSaver: 393216 bytes
[3177.31] Log: m_ObjectDictionarySaver: 131072 bytes
[3177.31] Log: m_ObjectDictionary: 395520 bytes for 13135 items
[3177.31] Log: m_SavedObjects: 305344 bytes for 10781 items
[3181.13] Log: FLevelSaver: 393216 bytes
[3181.13] Log: m_ObjectDictionarySaver: 131072 bytes
[3181.13] Log: m_ObjectDictionary: 395520 bytes for 13139 items
[3181.13] Log: m_SavedObjects: 305344 bytes for 10784 items
[3310.95] Log: Closing by request
[3311.56] Log: Log file closed, 02/18/22 14:41:12
