[0272.50] Log: Log file open, 03/04/22 21:30:16
[0272.50] Log: FLevelSaver: 393216 bytes
[0272.50] Log: m_ObjectDictionarySaver: 131072 bytes
[0272.50] Log: m_ObjectDictionary: 395520 bytes for 13202 items
[0272.50] Log: m_SavedObjects: 305344 bytes for 10960 items
[0333.91] Log: FLevelSaver: 393216 bytes
[0333.91] Log: m_ObjectDictionarySaver: 131072 bytes
[0333.91] Log: m_ObjectDictionary: 395520 bytes for 13244 items
[0333.91] Log: m_SavedObjects: 305344 bytes for 10992 items
[0344.70] Log: FLevelSaver: 393216 bytes
[0344.70] Log: m_ObjectDictionarySaver: 131072 bytes
[0344.70] Log: m_ObjectDictionary: 395520 bytes for 13254 items
[0344.70] Log: m_SavedObjects: 305344 bytes for 11000 items
[0391.70] Log: FLevelSaver: 393216 bytes
[0391.70] Log: m_ObjectDictionarySaver: 131072 bytes
[0391.70] Log: m_ObjectDictionary: 395520 bytes for 13252 items
[0391.70] Log: m_SavedObjects: 305344 bytes for 10996 items
[0397.18] Log: FLevelSaver: 393216 bytes
[0397.18] Log: m_ObjectDictionarySaver: 131072 bytes
[0397.18] Log: m_ObjectDictionary: 395520 bytes for 13249 items
[0397.18] Log: m_SavedObjects: 305344 bytes for 10993 items
[0415.20] Log: FLevelSaver: 393216 bytes
[0415.20] Log: m_ObjectDictionarySaver: 131072 bytes
[0415.20] Log: m_ObjectDictionary: 395520 bytes for 13255 items
[0415.20] Log: m_SavedObjects: 305344 bytes for 10998 items
[0433.45] Log: FLevelSaver: 393216 bytes
[0433.45] Log: m_ObjectDictionarySaver: 131072 bytes
[0433.45] Log: m_ObjectDictionary: 395520 bytes for 13252 items
[0433.45] Log: m_SavedObjects: 305344 bytes for 10994 items
[0518.65] Log: FLevelSaver: 393216 bytes
[0518.65] Log: m_ObjectDictionarySaver: 131072 bytes
[0518.65] Log: m_ObjectDictionary: 395520 bytes for 13249 items
[0518.65] Log: m_SavedObjects: 305344 bytes for 10994 items
[0567.13] Log: FLevelSaver: 393216 bytes
[0567.13] Log: m_ObjectDictionarySaver: 131072 bytes
[0567.13] Log: m_ObjectDictionary: 395520 bytes for 13258 items
[0567.13] Log: m_SavedObjects: 305344 bytes for 11002 items
[0625.33] Log: FLevelSaver: 393216 bytes
[0625.33] Log: m_ObjectDictionarySaver: 131072 bytes
[0625.33] Log: m_ObjectDictionary: 395520 bytes for 13248 items
[0625.33] Log: m_SavedObjects: 305344 bytes for 10992 items
[0675.86] Log: FLevelSaver: 393216 bytes
[0675.86] Log: m_ObjectDictionarySaver: 131072 bytes
[0675.86] Log: m_ObjectDictionary: 395520 bytes for 13251 items
[0675.86] Log: m_SavedObjects: 305344 bytes for 10995 items
[0755.14] Log: FLevelSaver: 393216 bytes
[0755.14] Log: m_ObjectDictionarySaver: 131072 bytes
[0755.14] Log: m_ObjectDictionary: 395520 bytes for 13250 items
[0755.14] Log: m_SavedObjects: 305344 bytes for 10993 items
[0800.18] Log: FLevelSaver: 393216 bytes
[0800.18] Log: m_ObjectDictionarySaver: 131072 bytes
[0800.18] Log: m_ObjectDictionary: 395520 bytes for 8323 items
[0800.18] Log: m_SavedObjects: 288960 bytes for 6802 items
[0835.22] Log: FLevelSaver: 393216 bytes
[0835.22] Log: m_ObjectDictionarySaver: 131072 bytes
[0835.22] Log: m_ObjectDictionary: 395520 bytes for 15397 items
[0835.22] Log: m_SavedObjects: 305344 bytes for 13218 items
[0842.55] Log: FLevelSaver: 393216 bytes
[0842.55] Log: m_ObjectDictionarySaver: 131072 bytes
[0842.55] Log: m_ObjectDictionary: 395520 bytes for 15397 items
[0842.55] Log: m_SavedObjects: 305344 bytes for 13218 items
[0845.61] Log: FLevelSaver: 393216 bytes
[0845.61] Log: m_ObjectDictionarySaver: 131072 bytes
[0845.61] Log: m_ObjectDictionary: 395520 bytes for 15397 items
[0845.61] Log: m_SavedObjects: 305344 bytes for 13218 items
[0900.97] Log: FLevelSaver: 393216 bytes
[0900.97] Log: m_ObjectDictionarySaver: 131072 bytes
[0900.97] Log: m_ObjectDictionary: 395520 bytes for 15401 items
[0900.97] Log: m_SavedObjects: 305344 bytes for 13218 items
[1010.31] Log: FLevelSaver: 393216 bytes
[1010.31] Log: m_ObjectDictionarySaver: 131072 bytes
[1010.31] Log: m_ObjectDictionary: 395520 bytes for 15410 items
[1010.31] Log: m_SavedObjects: 305344 bytes for 13225 items
[1047.53] Log: FLevelSaver: 393216 bytes
[1047.53] Log: m_ObjectDictionarySaver: 131072 bytes
[1047.53] Log: m_ObjectDictionary: 395520 bytes for 15401 items
[1047.53] Log: m_SavedObjects: 305344 bytes for 13220 items
[1505.15] Log: FLevelSaver: 393216 bytes
[1505.15] Log: m_ObjectDictionarySaver: 131072 bytes
[1505.15] Log: m_ObjectDictionary: 395520 bytes for 16026 items
[1505.15] Log: m_SavedObjects: 305344 bytes for 13790 items
[1609.87] Log: FLevelSaver: 393216 bytes
[1609.87] Log: m_ObjectDictionarySaver: 131072 bytes
[1609.87] Log: m_ObjectDictionary: 395520 bytes for 16030 items
[1609.87] Log: m_SavedObjects: 305344 bytes for 13791 items
[1613.68] Log: FLevelSaver: 393216 bytes
[1613.68] Log: m_ObjectDictionarySaver: 131072 bytes
[1613.68] Log: m_ObjectDictionary: 395520 bytes for 16036 items
[1613.68] Log: m_SavedObjects: 305344 bytes for 13792 items
[1710.25] Log: FLevelSaver: 393216 bytes
[1710.25] Log: m_ObjectDictionarySaver: 131072 bytes
[1710.25] Log: m_ObjectDictionary: 395520 bytes for 16034 items
[1710.25] Log: m_SavedObjects: 305344 bytes for 13793 items
[1770.43] Log: FLevelSaver: 393216 bytes
[1770.43] Log: m_ObjectDictionarySaver: 131072 bytes
[1770.43] Log: m_ObjectDictionary: 395520 bytes for 16027 items
[1770.43] Log: m_SavedObjects: 305344 bytes for 13786 items
[1799.00] Log: FLevelSaver: 393216 bytes
[1799.00] Log: m_ObjectDictionarySaver: 131072 bytes
[1799.00] Log: m_ObjectDictionary: 395520 bytes for 16025 items
[1799.00] Log: m_SavedObjects: 305344 bytes for 13785 items
[1945.84] Log: FLevelSaver: 393216 bytes
[1945.84] Log: m_ObjectDictionarySaver: 131072 bytes
[1945.84] Log: m_ObjectDictionary: 395520 bytes for 16025 items
[1945.84] Log: m_SavedObjects: 305344 bytes for 13787 items
[2022.64] Log: FLevelSaver: 393216 bytes
[2022.64] Log: m_ObjectDictionarySaver: 131072 bytes
[2022.64] Log: m_ObjectDictionary: 395520 bytes for 16016 items
[2022.64] Log: m_SavedObjects: 305344 bytes for 13778 items
[2091.74] Log: FLevelSaver: 393216 bytes
[2091.74] Log: m_ObjectDictionarySaver: 131072 bytes
[2091.74] Log: m_ObjectDictionary: 395520 bytes for 16012 items
[2091.74] Log: m_SavedObjects: 305344 bytes for 13774 items
[2144.50] Log: FLevelSaver: 393216 bytes
[2144.50] Log: m_ObjectDictionarySaver: 131072 bytes
[2144.50] Log: m_ObjectDictionary: 395520 bytes for 16006 items
[2144.50] Log: m_SavedObjects: 305344 bytes for 13767 items
[2162.75] Log: FLevelSaver: 393216 bytes
[2162.75] Log: m_ObjectDictionarySaver: 131072 bytes
[2162.75] Log: m_ObjectDictionary: 395520 bytes for 16009 items
[2162.75] Log: m_SavedObjects: 305344 bytes for 13769 items
[2211.72] Log: FLevelSaver: 393216 bytes
[2211.72] Log: m_ObjectDictionarySaver: 131072 bytes
[2211.72] Log: m_ObjectDictionary: 395520 bytes for 16009 items
[2211.72] Log: m_SavedObjects: 305344 bytes for 13767 items
[2344.25] Log: FLevelSaver: 393216 bytes
[2344.25] Log: m_ObjectDictionarySaver: 131072 bytes
[2344.25] Log: m_ObjectDictionary: 395520 bytes for 16004 items
[2344.25] Log: m_SavedObjects: 305344 bytes for 13767 items
[2465.64] Log: FLevelSaver: 393216 bytes
[2465.64] Log: m_ObjectDictionarySaver: 131072 bytes
[2465.64] Log: m_ObjectDictionary: 395520 bytes for 16007 items
[2465.64] Log: m_SavedObjects: 305344 bytes for 13762 items
[2511.38] Log: FLevelSaver: 393216 bytes
[2511.38] Log: m_ObjectDictionarySaver: 131072 bytes
[2511.38] Log: m_ObjectDictionary: 395520 bytes for 15998 items
[2511.38] Log: m_SavedObjects: 305344 bytes for 13753 items
[2552.24] Log: FLevelSaver: 393216 bytes
[2552.24] Log: m_ObjectDictionarySaver: 131072 bytes
[2552.24] Log: m_ObjectDictionary: 395520 bytes for 16000 items
[2552.24] Log: m_SavedObjects: 305344 bytes for 13753 items
[2696.11] Log: FLevelSaver: 393216 bytes
[2696.11] Log: m_ObjectDictionarySaver: 131072 bytes
[2696.11] Log: m_ObjectDictionary: 395520 bytes for 16004 items
[2696.11] Log: m_SavedObjects: 305344 bytes for 13756 items
[2837.71] Log: FLevelSaver: 393216 bytes
[2837.71] Log: m_ObjectDictionarySaver: 131072 bytes
[2837.71] Log: m_ObjectDictionary: 395520 bytes for 16001 items
[2837.71] Log: m_SavedObjects: 305344 bytes for 13750 items
[2859.90] Log: FLevelSaver: 393216 bytes
[2859.90] Log: m_ObjectDictionarySaver: 131072 bytes
[2859.90] Log: m_ObjectDictionary: 395520 bytes for 16002 items
[2859.90] Log: m_SavedObjects: 305344 bytes for 13750 items
[2970.95] Log: FLevelSaver: 393216 bytes
[2970.95] Log: m_ObjectDictionarySaver: 131072 bytes
[2970.95] Log: m_ObjectDictionary: 395520 bytes for 15999 items
[2970.95] Log: m_SavedObjects: 305344 bytes for 13749 items
[2975.66] Log: FLevelSaver: 393216 bytes
[2975.66] Log: m_ObjectDictionarySaver: 131072 bytes
[2975.66] Log: m_ObjectDictionary: 395520 bytes for 15997 items
[2975.66] Log: m_SavedObjects: 305344 bytes for 13747 items
[2990.63] Log: FLevelSaver: 393216 bytes
[2990.63] Log: m_ObjectDictionarySaver: 131072 bytes
[2990.63] Log: m_ObjectDictionary: 395520 bytes for 16005 items
[2990.63] Log: m_SavedObjects: 305344 bytes for 13751 items
[2995.02] Log: FLevelSaver: 393216 bytes
[2995.02] Log: m_ObjectDictionarySaver: 131072 bytes
[2995.02] Log: m_ObjectDictionary: 395520 bytes for 16005 items
[2995.02] Log: m_SavedObjects: 305344 bytes for 13751 items
[3043.56] Log: FLevelSaver: 393216 bytes
[3043.56] Log: m_ObjectDictionarySaver: 131072 bytes
[3043.56] Log: m_ObjectDictionary: 395520 bytes for 16003 items
[3043.56] Log: m_SavedObjects: 305344 bytes for 13749 items
[3093.93] Log: FLevelSaver: 393216 bytes
[3093.93] Log: m_ObjectDictionarySaver: 131072 bytes
[3093.93] Log: m_ObjectDictionary: 395520 bytes for 15999 items
[3093.93] Log: m_SavedObjects: 305344 bytes for 13748 items
[3103.39] Log: FLevelSaver: 393216 bytes
[3103.39] Log: m_ObjectDictionarySaver: 131072 bytes
[3103.39] Log: m_ObjectDictionary: 395520 bytes for 15832 items
[3103.39] Log: m_SavedObjects: 305344 bytes for 13611 items
[3197.71] Log: FLevelSaver: 393216 bytes
[3197.71] Log: m_ObjectDictionarySaver: 131072 bytes
[3197.71] Log: m_ObjectDictionary: 395520 bytes for 15839 items
[3197.71] Log: m_SavedObjects: 305344 bytes for 13615 items
[3239.75] Log: FLevelSaver: 393216 bytes
[3239.75] Log: m_ObjectDictionarySaver: 131072 bytes
[3239.75] Log: m_ObjectDictionary: 395520 bytes for 15835 items
[3239.75] Log: m_SavedObjects: 305344 bytes for 13610 items
[3319.09] Log: FLevelSaver: 393216 bytes
[3319.09] Log: m_ObjectDictionarySaver: 131072 bytes
[3319.09] Log: m_ObjectDictionary: 395520 bytes for 15834 items
[3319.09] Log: m_SavedObjects: 305344 bytes for 13609 items
[3328.25] Log: FLevelSaver: 393216 bytes
[3328.25] Log: m_ObjectDictionarySaver: 131072 bytes
[3328.25] Log: m_ObjectDictionary: 395520 bytes for 13222 items
[3328.25] Log: m_SavedObjects: 305344 bytes for 10971 items
[3343.19] Log: FLevelSaver: 393216 bytes
[3343.19] Log: m_ObjectDictionarySaver: 131072 bytes
[3343.19] Log: m_ObjectDictionary: 395520 bytes for 13426 items
[3343.19] Log: m_SavedObjects: 305344 bytes for 11145 items
[3355.86] Log: FLevelSaver: 393216 bytes
[3355.86] Log: m_ObjectDictionarySaver: 131072 bytes
[3355.86] Log: m_ObjectDictionary: 395520 bytes for 13416 items
[3355.86] Log: m_SavedObjects: 305344 bytes for 11135 items
[3418.26] Log: FLevelSaver: 393216 bytes
[3418.26] Log: m_ObjectDictionarySaver: 131072 bytes
[3418.26] Log: m_ObjectDictionary: 395520 bytes for 13416 items
[3418.26] Log: m_SavedObjects: 305344 bytes for 11134 items
[3435.99] Log: FLevelSaver: 393216 bytes
[3435.99] Log: m_ObjectDictionarySaver: 131072 bytes
[3435.99] Log: m_ObjectDictionary: 395520 bytes for 13422 items
[3435.99] Log: m_SavedObjects: 305344 bytes for 11139 items
[3442.98] Log: FLevelSaver: 393216 bytes
[3442.98] Log: m_ObjectDictionarySaver: 131072 bytes
[3442.98] Log: m_ObjectDictionary: 395520 bytes for 13425 items
[3442.98] Log: m_SavedObjects: 305344 bytes for 11142 items
[3445.28] Log: FLevelSaver: 393216 bytes
[3445.28] Log: m_ObjectDictionarySaver: 131072 bytes
[3445.28] Log: m_ObjectDictionary: 395520 bytes for 13425 items
[3445.28] Log: m_SavedObjects: 305344 bytes for 11142 items
[3453.55] Log: FLevelSaver: 393216 bytes
[3453.55] Log: m_ObjectDictionarySaver: 131072 bytes
[3453.55] Log: m_ObjectDictionary: 379136 bytes for 4769 items
[3453.55] Log: m_SavedObjects: 280768 bytes for 3505 items
[3472.39] Log: FLevelSaver: 393216 bytes
[3472.39] Log: m_ObjectDictionarySaver: 131072 bytes
[3472.39] Log: m_ObjectDictionary: 379136 bytes for 4769 items
[3472.39] Log: m_SavedObjects: 280768 bytes for 3505 items
[3479.84] Log: FLevelSaver: 393216 bytes
[3479.84] Log: m_ObjectDictionarySaver: 131072 bytes
[3479.84] Log: m_ObjectDictionary: 379136 bytes for 4769 items
[3479.84] Log: m_SavedObjects: 280768 bytes for 3505 items
[3482.45] Log: FLevelSaver: 393216 bytes
[3482.45] Log: m_ObjectDictionarySaver: 131072 bytes
[3482.45] Log: m_ObjectDictionary: 379136 bytes for 4769 items
[3482.45] Log: m_SavedObjects: 280768 bytes for 3505 items
[3489.97] Log: FLevelSaver: 393216 bytes
[3489.97] Log: m_ObjectDictionarySaver: 131072 bytes
[3489.97] Log: m_ObjectDictionary: 379136 bytes for 4769 items
[3489.97] Log: m_SavedObjects: 280768 bytes for 3505 items
[3500.14] Log: FLevelSaver: 393216 bytes
[3500.14] Log: m_ObjectDictionarySaver: 131072 bytes
[3500.14] Log: m_ObjectDictionary: 379136 bytes for 4770 items
[3500.14] Log: m_SavedObjects: 280768 bytes for 3504 items
[3565.86] Log: FLevelSaver: 393216 bytes
[3565.86] Log: m_ObjectDictionarySaver: 131072 bytes
[3565.86] Log: m_ObjectDictionary: 395520 bytes for 13381 items
[3565.86] Log: m_SavedObjects: 305344 bytes for 11110 items
[3616.95] Log: FLevelSaver: 393216 bytes
[3616.95] Log: m_ObjectDictionarySaver: 131072 bytes
[3616.95] Log: m_ObjectDictionary: 379136 bytes for 8062 items
[3616.95] Log: m_SavedObjects: 288960 bytes for 6533 items
[3626.66] Log: FLevelSaver: 393216 bytes
[3626.66] Log: m_ObjectDictionarySaver: 131072 bytes
[3626.66] Log: m_ObjectDictionary: 379136 bytes for 8077 items
[3626.66] Log: m_SavedObjects: 288960 bytes for 6543 items
[3636.24] Log: FLevelSaver: 393216 bytes
[3636.24] Log: m_ObjectDictionarySaver: 131072 bytes
[3636.24] Log: m_ObjectDictionary: 379136 bytes for 8072 items
[3636.24] Log: m_SavedObjects: 288960 bytes for 6540 items
[3641.99] Log: FLevelSaver: 393216 bytes
[3641.99] Log: m_ObjectDictionarySaver: 131072 bytes
[3641.99] Log: m_ObjectDictionary: 379136 bytes for 8074 items
[3641.99] Log: m_SavedObjects: 288960 bytes for 6543 items
[3691.97] Log: FLevelSaver: 393216 bytes
[3691.97] Log: m_ObjectDictionarySaver: 131072 bytes
[3691.97] Log: m_ObjectDictionary: 379136 bytes for 8071 items
[3691.97] Log: m_SavedObjects: 288960 bytes for 6539 items
[3734.76] Log: FLevelSaver: 393216 bytes
[3734.76] Log: m_ObjectDictionarySaver: 131072 bytes
[3734.76] Log: m_ObjectDictionary: 379136 bytes for 8077 items
[3734.76] Log: m_SavedObjects: 288960 bytes for 6544 items
[3766.04] Log: FLevelSaver: 393216 bytes
[3766.04] Log: m_ObjectDictionarySaver: 131072 bytes
[3766.04] Log: m_ObjectDictionary: 395520 bytes for 13391 items
[3766.04] Log: m_SavedObjects: 305344 bytes for 11121 items
[3776.82] Log: FLevelSaver: 393216 bytes
[3776.82] Log: m_ObjectDictionarySaver: 131072 bytes
[3776.82] Log: m_ObjectDictionary: 395520 bytes for 13613 items
[3776.82] Log: m_SavedObjects: 305344 bytes for 11326 items
[3971.21] Log: FLevelSaver: 393216 bytes
[3971.21] Log: m_ObjectDictionarySaver: 131072 bytes
[3971.21] Log: m_ObjectDictionary: 395520 bytes for 13633 items
[3971.21] Log: m_SavedObjects: 305344 bytes for 11340 items
[4076.21] Log: FLevelSaver: 393216 bytes
[4076.21] Log: m_ObjectDictionarySaver: 131072 bytes
[4076.21] Log: m_ObjectDictionary: 395520 bytes for 13242 items
[4076.21] Log: m_SavedObjects: 305344 bytes for 10958 items
[4153.11] Log: FLevelSaver: 393216 bytes
[4153.11] Log: m_ObjectDictionarySaver: 131072 bytes
[4153.11] Log: m_ObjectDictionary: 395520 bytes for 13061 items
[4153.11] Log: m_SavedObjects: 305344 bytes for 10806 items
[4348.84] Log: FLevelSaver: 393216 bytes
[4348.84] Log: m_ObjectDictionarySaver: 131072 bytes
[4348.84] Log: m_ObjectDictionary: 395520 bytes for 13053 items
[4348.84] Log: m_SavedObjects: 305344 bytes for 10805 items
[4462.37] Log: FLevelSaver: 393216 bytes
[4462.37] Log: m_ObjectDictionarySaver: 131072 bytes
[4462.37] Log: m_ObjectDictionary: 395520 bytes for 13058 items
[4462.37] Log: m_SavedObjects: 305344 bytes for 10809 items
[4542.02] Log: FLevelSaver: 393216 bytes
[4542.02] Log: m_ObjectDictionarySaver: 131072 bytes
[4542.02] Log: m_ObjectDictionary: 395520 bytes for 12781 items
[4542.02] Log: m_SavedObjects: 305344 bytes for 10546 items
[4594.67] Log: FLevelSaver: 393216 bytes
[4594.67] Log: m_ObjectDictionarySaver: 131072 bytes
[4594.67] Log: m_ObjectDictionary: 395520 bytes for 12792 items
[4594.67] Log: m_SavedObjects: 305344 bytes for 10552 items
[4662.32] Log: FLevelSaver: 393216 bytes
[4662.32] Log: m_ObjectDictionarySaver: 131072 bytes
[4662.32] Log: m_ObjectDictionary: 395520 bytes for 15805 items
[4662.32] Log: m_SavedObjects: 305344 bytes for 13592 items
[4675.72] Log: FLevelSaver: 393216 bytes
[4675.72] Log: m_ObjectDictionarySaver: 131072 bytes
[4675.72] Log: m_ObjectDictionary: 395520 bytes for 14086 items
[4675.72] Log: m_SavedObjects: 305344 bytes for 11965 items
[5283.17] Log: FLevelSaver: 393216 bytes
[5283.17] Log: m_ObjectDictionarySaver: 131072 bytes
[5283.17] Log: m_ObjectDictionary: 395520 bytes for 12752 items
[5283.17] Log: m_SavedObjects: 305344 bytes for 10527 items
[5438.17] Log: FLevelSaver: 393216 bytes
[5438.17] Log: m_ObjectDictionarySaver: 131072 bytes
[5438.17] Log: m_ObjectDictionary: 395520 bytes for 14071 items
[5438.17] Log: m_SavedObjects: 305344 bytes for 11957 items
[5549.30] Log: FLevelSaver: 393216 bytes
[5549.30] Log: m_ObjectDictionarySaver: 131072 bytes
[5549.30] Log: m_ObjectDictionary: 395520 bytes for 14096 items
[5549.30] Log: m_SavedObjects: 305344 bytes for 11968 items
[5580.68] Log: FLevelSaver: 393216 bytes
[5580.68] Log: m_ObjectDictionarySaver: 131072 bytes
[5580.68] Log: m_ObjectDictionary: 395520 bytes for 14090 items
[5580.68] Log: m_SavedObjects: 305344 bytes for 11964 items
[5826.50] Log: FLevelSaver: 393216 bytes
[5826.50] Log: m_ObjectDictionarySaver: 131072 bytes
[5826.50] Log: m_ObjectDictionary: 395520 bytes for 12763 items
[5826.50] Log: m_SavedObjects: 305344 bytes for 10536 items
[5845.91] Log: FLevelSaver: 393216 bytes
[5845.91] Log: m_ObjectDictionarySaver: 131072 bytes
[5845.91] Log: m_ObjectDictionary: 395520 bytes for 12802 items
[5845.91] Log: m_SavedObjects: 305344 bytes for 10567 items
[5997.80] Log: FLevelSaver: 393216 bytes
[5997.80] Log: m_ObjectDictionarySaver: 131072 bytes
[5997.80] Log: m_ObjectDictionary: 395520 bytes for 12799 items
[5997.80] Log: m_SavedObjects: 305344 bytes for 10561 items
[6116.55] Log: FLevelSaver: 393216 bytes
[6116.55] Log: m_ObjectDictionarySaver: 131072 bytes
[6116.55] Log: m_ObjectDictionary: 379136 bytes for 8067 items
[6116.55] Log: m_SavedObjects: 288960 bytes for 6535 items
[6166.61] Log: FLevelSaver: 393216 bytes
[6166.61] Log: m_ObjectDictionarySaver: 131072 bytes
[6166.61] Log: m_ObjectDictionary: 395520 bytes for 12769 items
[6166.61] Log: m_SavedObjects: 305344 bytes for 10542 items
[6202.15] Log: FLevelSaver: 393216 bytes
[6202.15] Log: m_ObjectDictionarySaver: 131072 bytes
[6202.15] Log: m_ObjectDictionary: 395520 bytes for 12801 items
[6202.15] Log: m_SavedObjects: 305344 bytes for 10566 items
[6205.44] Log: FLevelSaver: 393216 bytes
[6205.44] Log: m_ObjectDictionarySaver: 131072 bytes
[6205.44] Log: m_ObjectDictionary: 395520 bytes for 12800 items
[6205.44] Log: m_SavedObjects: 305344 bytes for 10565 items
[6465.80] Log: FLevelSaver: 393216 bytes
[6465.80] Log: m_ObjectDictionarySaver: 131072 bytes
[6465.80] Log: m_ObjectDictionary: 379136 bytes for 6867 items
[6465.80] Log: m_SavedObjects: 288960 bytes for 5221 items
[6631.47] Log: FLevelSaver: 393216 bytes
[6631.47] Log: m_ObjectDictionarySaver: 131072 bytes
[6631.47] Log: m_ObjectDictionary: 379136 bytes for 6876 items
[6631.47] Log: m_SavedObjects: 288960 bytes for 5224 items
[6632.57] Log: FLevelSaver: 393216 bytes
[6632.57] Log: m_ObjectDictionarySaver: 131072 bytes
[6632.57] Log: m_ObjectDictionary: 379136 bytes for 6875 items
[6632.57] Log: m_SavedObjects: 288960 bytes for 5223 items
[6665.72] Log: FLevelSaver: 393216 bytes
[6665.72] Log: m_ObjectDictionarySaver: 131072 bytes
[6665.72] Log: m_ObjectDictionary: 379136 bytes for 6874 items
[6665.72] Log: m_SavedObjects: 288960 bytes for 5224 items
[6668.68] Log: FLevelSaver: 393216 bytes
[6668.68] Log: m_ObjectDictionarySaver: 131072 bytes
[6668.68] Log: m_ObjectDictionary: 379136 bytes for 6874 items
[6668.68] Log: m_SavedObjects: 288960 bytes for 5224 items
[7124.33] Log: FLevelSaver: 393216 bytes
[7124.33] Log: m_ObjectDictionarySaver: 131072 bytes
[7124.33] Log: m_ObjectDictionary: 379136 bytes for 6876 items
[7124.33] Log: m_SavedObjects: 288960 bytes for 5224 items
[7133.16] Log: FLevelSaver: 393216 bytes
[7133.16] Log: m_ObjectDictionarySaver: 131072 bytes
[7133.16] Log: m_ObjectDictionary: 379136 bytes for 6877 items
[7133.16] Log: m_SavedObjects: 288960 bytes for 5224 items
[7170.46] Log: FLevelSaver: 393216 bytes
[7170.46] Log: m_ObjectDictionarySaver: 131072 bytes
[7170.46] Log: m_ObjectDictionary: 379136 bytes for 6887 items
[7170.46] Log: m_SavedObjects: 288960 bytes for 5237 items
[7287.04] Log: FLevelSaver: 393216 bytes
[7287.04] Log: m_ObjectDictionarySaver: 131072 bytes
[7287.04] Log: m_ObjectDictionary: 379136 bytes for 6887 items
[7287.04] Log: m_SavedObjects: 288960 bytes for 5234 items
[7487.21] Log: FLevelSaver: 393216 bytes
[7487.21] Log: m_ObjectDictionarySaver: 131072 bytes
[7487.21] Log: m_ObjectDictionary: 379136 bytes for 6892 items
[7487.21] Log: m_SavedObjects: 288960 bytes for 5236 items
[7643.05] Log: FLevelSaver: 393216 bytes
[7643.05] Log: m_ObjectDictionarySaver: 131072 bytes
[7643.05] Log: m_ObjectDictionary: 379136 bytes for 6886 items
[7643.05] Log: m_SavedObjects: 288960 bytes for 5233 items
[7644.14] Log: FLevelSaver: 393216 bytes
[7644.14] Log: m_ObjectDictionarySaver: 131072 bytes
[7644.14] Log: m_ObjectDictionary: 379136 bytes for 6887 items
[7644.14] Log: m_SavedObjects: 288960 bytes for 5233 items
[7654.64] Log: FLevelSaver: 393216 bytes
[7654.64] Log: m_ObjectDictionarySaver: 131072 bytes
[7654.64] Log: m_ObjectDictionary: 379136 bytes for 6888 items
[7654.64] Log: m_SavedObjects: 288960 bytes for 5233 items
[7752.77] Log: FLevelSaver: 393216 bytes
[7752.77] Log: m_ObjectDictionarySaver: 131072 bytes
[7752.77] Log: m_ObjectDictionary: 379136 bytes for 4457 items
[7752.77] Log: m_SavedObjects: 280768 bytes for 3295 items
[7833.93] Log: FLevelSaver: 393216 bytes
[7833.93] Log: m_ObjectDictionarySaver: 131072 bytes
[7833.93] Log: m_ObjectDictionary: 379136 bytes for 5931 items
[7833.93] Log: m_SavedObjects: 288960 bytes for 4402 items
[7887.80] Log: FLevelSaver: 393216 bytes
[7887.80] Log: m_ObjectDictionarySaver: 131072 bytes
[7887.80] Log: m_ObjectDictionary: 379136 bytes for 5928 items
[7887.80] Log: m_SavedObjects: 288960 bytes for 4403 items
[7917.78] Log: FLevelSaver: 393216 bytes
[7917.78] Log: m_ObjectDictionarySaver: 131072 bytes
[7917.78] Log: m_ObjectDictionary: 379136 bytes for 5929 items
[7917.78] Log: m_SavedObjects: 288960 bytes for 4404 items
[7926.63] Log: Closing by request
[7927.04] Log: Log file closed, 03/04/22 23:37:51
