[0151.58] Log: Log file open, 02/18/22 11:16:54
[0151.58] Log: FLevelSaver: 393216 bytes
[0151.58] Log: m_ObjectDictionarySaver: 131072 bytes
[0151.58] Log: m_ObjectDictionary: 379136 bytes for 5916 items
[0151.58] Log: m_SavedObjects: 288960 bytes for 4498 items
[0218.71] Log: FLevelSaver: 393216 bytes
[0218.71] Log: m_ObjectDictionarySaver: 131072 bytes
[0218.71] Log: m_ObjectDictionary: 379136 bytes for 5909 items
[0218.71] Log: m_SavedObjects: 288960 bytes for 4497 items
[0236.11] Log: FLevelSaver: 393216 bytes
[0236.11] Log: m_ObjectDictionarySaver: 131072 bytes
[0236.11] Log: m_ObjectDictionary: 379136 bytes for 5911 items
[0236.11] Log: m_SavedObjects: 288960 bytes for 4497 items
[0871.72] Log: FLevelSaver: 393216 bytes
[0871.72] Log: m_ObjectDictionarySaver: 131072 bytes
[0871.72] Log: m_ObjectDictionary: 379136 bytes for 5922 items
[0871.72] Log: m_SavedObjects: 288960 bytes for 4499 items
[0977.22] Log: FLevelSaver: 393216 bytes
[0977.22] Log: m_ObjectDictionarySaver: 131072 bytes
[0977.22] Log: m_ObjectDictionary: 379136 bytes for 5917 items
[0977.22] Log: m_SavedObjects: 288960 bytes for 4498 items
[1075.25] Log: FLevelSaver: 393216 bytes
[1075.25] Log: m_ObjectDictionarySaver: 131072 bytes
[1075.25] Log: m_ObjectDictionary: 379136 bytes for 5931 items
[1075.25] Log: m_SavedObjects: 288960 bytes for 4503 items
[1164.24] Log: FLevelSaver: 393216 bytes
[1164.24] Log: m_ObjectDictionarySaver: 131072 bytes
[1164.24] Log: m_ObjectDictionary: 379136 bytes for 5918 items
[1164.24] Log: m_SavedObjects: 288960 bytes for 4497 items
[1204.52] Log: FLevelSaver: 393216 bytes
[1204.52] Log: m_ObjectDictionarySaver: 131072 bytes
[1204.52] Log: m_ObjectDictionary: 379136 bytes for 5925 items
[1204.52] Log: m_SavedObjects: 288960 bytes for 4498 items
[1314.76] Log: FLevelSaver: 393216 bytes
[1314.76] Log: m_ObjectDictionarySaver: 131072 bytes
[1314.76] Log: m_ObjectDictionary: 379136 bytes for 5917 items
[1314.76] Log: m_SavedObjects: 288960 bytes for 4497 items
[1421.65] Log: FLevelSaver: 393216 bytes
[1421.65] Log: m_ObjectDictionarySaver: 131072 bytes
[1421.65] Log: m_ObjectDictionary: 379136 bytes for 5926 items
[1421.65] Log: m_SavedObjects: 288960 bytes for 4500 items
[1503.26] Log: FLevelSaver: 393216 bytes
[1503.26] Log: m_ObjectDictionarySaver: 131072 bytes
[1503.26] Log: m_ObjectDictionary: 379136 bytes for 5920 items
[1503.26] Log: m_SavedObjects: 288960 bytes for 4500 items
[1638.40] Log: FLevelSaver: 393216 bytes
[1638.40] Log: m_ObjectDictionarySaver: 131072 bytes
[1638.40] Log: m_ObjectDictionary: 379136 bytes for 5924 items
[1638.40] Log: m_SavedObjects: 288960 bytes for 4498 items
[1731.99] Log: FLevelSaver: 393216 bytes
[1731.99] Log: m_ObjectDictionarySaver: 131072 bytes
[1731.99] Log: m_ObjectDictionary: 379136 bytes for 5921 items
[1731.99] Log: m_SavedObjects: 288960 bytes for 4497 items
[1778.76] Log: FLevelSaver: 393216 bytes
[1778.76] Log: m_ObjectDictionarySaver: 131072 bytes
[1778.76] Log: m_ObjectDictionary: 379136 bytes for 5917 items
[1778.76] Log: m_SavedObjects: 288960 bytes for 4496 items
[1872.39] Log: FLevelSaver: 393216 bytes
[1872.39] Log: m_ObjectDictionarySaver: 131072 bytes
[1872.39] Log: m_ObjectDictionary: 379136 bytes for 5920 items
[1872.39] Log: m_SavedObjects: 288960 bytes for 4497 items
[1901.97] Log: FLevelSaver: 393216 bytes
[1901.97] Log: m_ObjectDictionarySaver: 131072 bytes
[1901.97] Log: m_ObjectDictionary: 379136 bytes for 5917 items
[1901.97] Log: m_SavedObjects: 288960 bytes for 4496 items
[2441.79] Log: FLevelSaver: 393216 bytes
[2441.79] Log: m_ObjectDictionarySaver: 131072 bytes
[2441.79] Log: m_ObjectDictionary: 379136 bytes for 5916 items
[2441.79] Log: m_SavedObjects: 288960 bytes for 4496 items
[2458.81] Log: FLevelSaver: 393216 bytes
[2458.81] Log: m_ObjectDictionarySaver: 131072 bytes
[2458.81] Log: m_ObjectDictionary: 379136 bytes for 5917 items
[2458.81] Log: m_SavedObjects: 288960 bytes for 4496 items
[2497.98] Log: FLevelSaver: 393216 bytes
[2497.98] Log: m_ObjectDictionarySaver: 131072 bytes
[2497.98] Log: m_ObjectDictionary: 379136 bytes for 5927 items
[2497.98] Log: m_SavedObjects: 288960 bytes for 4498 items
[2606.09] Log: FLevelSaver: 393216 bytes
[2606.09] Log: m_ObjectDictionarySaver: 131072 bytes
[2606.09] Log: m_ObjectDictionary: 379136 bytes for 6125 items
[2606.09] Log: m_SavedObjects: 288960 bytes for 4671 items
[2620.23] Log: FLevelSaver: 393216 bytes
[2620.23] Log: m_ObjectDictionarySaver: 131072 bytes
[2620.23] Log: m_ObjectDictionary: 379136 bytes for 6105 items
[2620.23] Log: m_SavedObjects: 288960 bytes for 4663 items
[2788.33] Log: FLevelSaver: 393216 bytes
[2788.33] Log: m_ObjectDictionarySaver: 131072 bytes
[2788.33] Log: m_ObjectDictionary: 379136 bytes for 6116 items
[2788.33] Log: m_SavedObjects: 288960 bytes for 4666 items
[2827.04] Log: FLevelSaver: 393216 bytes
[2827.04] Log: m_ObjectDictionarySaver: 131072 bytes
[2827.04] Log: m_ObjectDictionary: 379136 bytes for 6110 items
[2827.04] Log: m_SavedObjects: 288960 bytes for 4667 items
[2911.51] Log: FLevelSaver: 393216 bytes
[2911.51] Log: m_ObjectDictionarySaver: 131072 bytes
[2911.51] Log: m_ObjectDictionary: 379136 bytes for 6121 items
[2911.51] Log: m_SavedObjects: 288960 bytes for 4670 items
[2912.56] Log: FLevelSaver: 393216 bytes
[2912.56] Log: m_ObjectDictionarySaver: 131072 bytes
[2912.56] Log: m_ObjectDictionary: 379136 bytes for 6122 items
[2912.56] Log: m_SavedObjects: 288960 bytes for 4670 items
[2999.81] Log: FLevelSaver: 393216 bytes
[2999.81] Log: m_ObjectDictionarySaver: 131072 bytes
[2999.81] Log: m_ObjectDictionary: 379136 bytes for 6113 items
[2999.81] Log: m_SavedObjects: 288960 bytes for 4668 items
[3080.78] Log: FLevelSaver: 393216 bytes
[3080.78] Log: m_ObjectDictionarySaver: 131072 bytes
[3080.78] Log: m_ObjectDictionary: 379136 bytes for 6116 items
[3080.78] Log: m_SavedObjects: 288960 bytes for 4668 items
[3083.53] Log: FLevelSaver: 393216 bytes
[3083.53] Log: m_ObjectDictionarySaver: 131072 bytes
[3083.53] Log: m_ObjectDictionary: 379136 bytes for 6116 items
[3083.53] Log: m_SavedObjects: 288960 bytes for 4668 items
[3113.91] Log: FLevelSaver: 393216 bytes
[3113.91] Log: m_ObjectDictionarySaver: 131072 bytes
[3113.91] Log: m_ObjectDictionary: 379136 bytes for 6125 items
[3113.91] Log: m_SavedObjects: 288960 bytes for 4671 items
[3132.96] Log: FLevelSaver: 393216 bytes
[3132.96] Log: m_ObjectDictionarySaver: 131072 bytes
[3132.96] Log: m_ObjectDictionary: 379136 bytes for 7279 items
[3132.96] Log: m_SavedObjects: 288960 bytes for 5594 items
[3141.03] Log: FLevelSaver: 393216 bytes
[3141.03] Log: m_ObjectDictionarySaver: 131072 bytes
[3141.03] Log: m_ObjectDictionary: 395520 bytes for 13228 items
[3141.03] Log: m_SavedObjects: 305344 bytes for 10907 items
[3194.92] Log: FLevelSaver: 393216 bytes
[3194.92] Log: m_ObjectDictionarySaver: 131072 bytes
[3194.92] Log: m_ObjectDictionary: 395520 bytes for 13247 items
[3194.92] Log: m_SavedObjects: 305344 bytes for 10922 items
[3196.95] Log: FLevelSaver: 393216 bytes
[3196.95] Log: m_ObjectDictionarySaver: 131072 bytes
[3196.95] Log: m_ObjectDictionary: 395520 bytes for 13246 items
[3196.95] Log: m_SavedObjects: 305344 bytes for 10921 items
[3225.40] Log: FLevelSaver: 393216 bytes
[3225.40] Log: m_ObjectDictionarySaver: 131072 bytes
[3225.40] Log: m_ObjectDictionary: 395520 bytes for 13244 items
[3225.40] Log: m_SavedObjects: 305344 bytes for 10918 items
[3612.40] Log: FLevelSaver: 393216 bytes
[3612.40] Log: m_ObjectDictionarySaver: 131072 bytes
[3612.40] Log: m_ObjectDictionary: 395520 bytes for 13251 items
[3612.40] Log: m_SavedObjects: 305344 bytes for 10921 items
[3710.99] Log: FLevelSaver: 393216 bytes
[3710.99] Log: m_ObjectDictionarySaver: 131072 bytes
[3710.99] Log: m_ObjectDictionary: 395520 bytes for 13253 items
[3710.99] Log: m_SavedObjects: 305344 bytes for 10920 items
[3732.67] Log: FLevelSaver: 393216 bytes
[3732.67] Log: m_ObjectDictionarySaver: 131072 bytes
[3732.67] Log: m_ObjectDictionary: 395520 bytes for 13247 items
[3732.67] Log: m_SavedObjects: 305344 bytes for 10915 items
[3765.02] Log: FLevelSaver: 393216 bytes
[3765.02] Log: m_ObjectDictionarySaver: 131072 bytes
[3765.02] Log: m_ObjectDictionary: 395520 bytes for 13251 items
[3765.02] Log: m_SavedObjects: 305344 bytes for 10916 items
[3825.33] Log: FLevelSaver: 393216 bytes
[3825.33] Log: m_ObjectDictionarySaver: 131072 bytes
[3825.33] Log: m_ObjectDictionary: 395520 bytes for 13372 items
[3825.33] Log: m_SavedObjects: 305344 bytes for 11039 items
[4117.42] Log: FLevelSaver: 393216 bytes
[4117.42] Log: m_ObjectDictionarySaver: 131072 bytes
[4117.42] Log: m_ObjectDictionary: 395520 bytes for 13378 items
[4117.42] Log: m_SavedObjects: 305344 bytes for 11047 items
[4326.49] Log: FLevelSaver: 393216 bytes
[4326.49] Log: m_ObjectDictionarySaver: 131072 bytes
[4326.49] Log: m_ObjectDictionary: 395520 bytes for 13366 items
[4326.49] Log: m_SavedObjects: 305344 bytes for 11033 items
[5008.55] Log: FLevelSaver: 393216 bytes
[5008.55] Log: m_ObjectDictionarySaver: 131072 bytes
[5008.55] Log: m_ObjectDictionary: 395520 bytes for 13369 items
[5008.55] Log: m_SavedObjects: 305344 bytes for 11038 items
[5030.00] Log: FLevelSaver: 393216 bytes
[5030.00] Log: m_ObjectDictionarySaver: 131072 bytes
[5030.00] Log: m_ObjectDictionary: 395520 bytes for 13370 items
[5030.00] Log: m_SavedObjects: 305344 bytes for 11037 items
[5068.74] Log: FLevelSaver: 393216 bytes
[5068.74] Log: m_ObjectDictionarySaver: 131072 bytes
[5068.74] Log: m_ObjectDictionary: 395520 bytes for 13363 items
[5068.74] Log: m_SavedObjects: 305344 bytes for 11031 items
[5174.70] Log: FLevelSaver: 393216 bytes
[5174.70] Log: m_ObjectDictionarySaver: 131072 bytes
[5174.70] Log: m_ObjectDictionary: 395520 bytes for 13367 items
[5174.70] Log: m_SavedObjects: 305344 bytes for 11034 items
[5184.64] Log: FLevelSaver: 393216 bytes
[5184.64] Log: m_ObjectDictionarySaver: 131072 bytes
[5184.64] Log: m_ObjectDictionary: 395520 bytes for 13362 items
[5184.64] Log: m_SavedObjects: 305344 bytes for 11030 items
[5192.77] Log: FLevelSaver: 393216 bytes
[5192.77] Log: m_ObjectDictionarySaver: 131072 bytes
[5192.77] Log: m_ObjectDictionary: 395520 bytes for 13377 items
[5192.77] Log: m_SavedObjects: 305344 bytes for 11038 items
[5208.77] Log: FLevelSaver: 393216 bytes
[5208.77] Log: m_ObjectDictionarySaver: 131072 bytes
[5208.77] Log: m_ObjectDictionary: 395520 bytes for 13367 items
[5208.77] Log: m_SavedObjects: 305344 bytes for 11030 items
[5271.89] Log: FLevelSaver: 393216 bytes
[5271.89] Log: m_ObjectDictionarySaver: 131072 bytes
[5271.89] Log: m_ObjectDictionary: 395520 bytes for 13361 items
[5271.89] Log: m_SavedObjects: 305344 bytes for 11028 items
[5326.59] Log: FLevelSaver: 393216 bytes
[5326.59] Log: m_ObjectDictionarySaver: 131072 bytes
[5326.59] Log: m_ObjectDictionary: 395520 bytes for 13363 items
[5326.59] Log: m_SavedObjects: 305344 bytes for 11031 items
[5423.85] Log: FLevelSaver: 393216 bytes
[5423.85] Log: m_ObjectDictionarySaver: 131072 bytes
[5423.85] Log: m_ObjectDictionary: 395520 bytes for 13369 items
[5423.85] Log: m_SavedObjects: 305344 bytes for 11036 items
[5462.37] Log: FLevelSaver: 393216 bytes
[5462.37] Log: m_ObjectDictionarySaver: 131072 bytes
[5462.37] Log: m_ObjectDictionary: 395520 bytes for 13390 items
[5462.37] Log: m_SavedObjects: 305344 bytes for 11051 items
[5498.17] Log: FLevelSaver: 393216 bytes
[5498.17] Log: m_ObjectDictionarySaver: 131072 bytes
[5498.17] Log: m_ObjectDictionary: 395520 bytes for 13366 items
[5498.17] Log: m_SavedObjects: 305344 bytes for 11033 items
[5579.54] Log: FLevelSaver: 393216 bytes
[5579.54] Log: m_ObjectDictionarySaver: 131072 bytes
[5579.54] Log: m_ObjectDictionary: 395520 bytes for 13390 items
[5579.54] Log: m_SavedObjects: 305344 bytes for 11048 items
[5599.70] Log: FLevelSaver: 393216 bytes
[5599.70] Log: m_ObjectDictionarySaver: 131072 bytes
[5599.70] Log: m_ObjectDictionary: 395520 bytes for 13365 items
[5599.70] Log: m_SavedObjects: 305344 bytes for 11032 items
[5617.70] Log: FLevelSaver: 393216 bytes
[5617.70] Log: m_ObjectDictionarySaver: 131072 bytes
[5617.70] Log: m_ObjectDictionary: 395520 bytes for 13391 items
[5617.70] Log: m_SavedObjects: 305344 bytes for 11049 items
[5625.05] Log: FLevelSaver: 393216 bytes
[5625.05] Log: m_ObjectDictionarySaver: 131072 bytes
[5625.05] Log: m_ObjectDictionary: 395520 bytes for 13389 items
[5625.05] Log: m_SavedObjects: 305344 bytes for 11046 items
[5686.08] Log: FLevelSaver: 393216 bytes
[5686.08] Log: m_ObjectDictionarySaver: 131072 bytes
[5686.08] Log: m_ObjectDictionary: 395520 bytes for 13373 items
[5686.08] Log: m_SavedObjects: 305344 bytes for 11034 items
[5699.06] Log: FLevelSaver: 393216 bytes
[5699.06] Log: m_ObjectDictionarySaver: 131072 bytes
[5699.06] Log: m_ObjectDictionary: 395520 bytes for 13395 items
[5699.06] Log: m_SavedObjects: 305344 bytes for 11050 items
[5823.96] Log: FLevelSaver: 393216 bytes
[5823.96] Log: m_ObjectDictionarySaver: 131072 bytes
[5823.96] Log: m_ObjectDictionary: 395520 bytes for 14089 items
[5823.96] Log: m_SavedObjects: 305344 bytes for 11731 items
[5871.53] Log: FLevelSaver: 393216 bytes
[5871.53] Log: m_ObjectDictionarySaver: 131072 bytes
[5871.53] Log: m_ObjectDictionary: 395520 bytes for 14110 items
[5871.53] Log: m_SavedObjects: 305344 bytes for 11745 items
[5883.15] Log: FLevelSaver: 393216 bytes
[5883.15] Log: m_ObjectDictionarySaver: 131072 bytes
[5883.15] Log: m_ObjectDictionary: 395520 bytes for 14098 items
[5883.15] Log: m_SavedObjects: 305344 bytes for 11738 items
[5889.26] Log: FLevelSaver: 393216 bytes
[5889.26] Log: m_ObjectDictionarySaver: 131072 bytes
[5889.26] Log: m_ObjectDictionary: 395520 bytes for 14099 items
[5889.26] Log: m_SavedObjects: 305344 bytes for 11738 items
